Oct 04, 2020 9:23:21 PM com.firmex.helper.Defs setUpLog
INFO: Logger is inilitized
Oct 04, 2020 9:23:21 PM com.firmex.helper.Defs getTestData
INFO: Data read form test data--->{Email=abcd@abcd.com, Password=abcd}
Oct 04, 2020 9:23:21 PM com.firmex.base.TestBase setup
INFO: Logger added
Oct 04, 2020 9:23:28 PM com.firmex.listener.WebEventListener beforeNavigateTo
INFO: Before navigating to: 'https://www.firmex.com/'
Oct 04, 2020 9:23:30 PM com.firmex.listener.WebEventListener afterNavigateTo
INFO: Navigated to:'https://www.firmex.com/'
Oct 04, 2020 9:23:30 PM com.firmex.helper.Defs log
INFO: Successfully lauched the URL - https://www.firmex.com/
Oct 04, 2020 9:23:30 PM com.firmex.page.Home getTitle
INFO: Title - The World's Most Trusted Virtual Data Room | Firmex
Oct 04, 2020 9:23:30 PM com.firmex.helper.Defs log
INFO: Title verified
Oct 04, 2020 9:23:30 PM com.firmex.listener.WebEventListener beforeFindBy
INFO: Trying to find Element By : By.xpath: //a[@class='custom-logo-link']
Oct 04, 2020 9:23:30 PM com.firmex.listener.WebEventListener afterFindBy
INFO: Found Element By : By.xpath: //a[@class='custom-logo-link']
Oct 04, 2020 9:23:30 PM com.firmex.helper.CommonMethods elementPresenceCheck
INFO: *******Element presence check*********false
Oct 04, 2020 9:23:30 PM com.firmex.listener.WebEventListener beforeFindBy
INFO: Trying to find Element By : By.xpath: //a[@class='custom-logo-link']
Oct 04, 2020 9:23:31 PM com.firmex.listener.WebEventListener afterFindBy
INFO: Found Element By : By.xpath: //a[@class='custom-logo-link']
Oct 04, 2020 9:23:31 PM com.firmex.helper.CommonMethods elementPresenceCheck
INFO: Element is displayed in UI
Oct 04, 2020 9:23:31 PM com.firmex.listener.WebEventListener beforeFindBy
INFO: Trying to find Element By : By.xpath: //ul[@id='primary-menu']//li//a[contains(text(),'Virtual Data Room')]
Oct 04, 2020 9:23:31 PM com.firmex.listener.WebEventListener afterFindBy
INFO: Found Element By : By.xpath: //ul[@id='primary-menu']//li//a[contains(text(),'Virtual Data Room')]
Oct 04, 2020 9:23:31 PM com.firmex.helper.CommonMethods elementPresenceCheck
INFO: *******Element presence check*********true
Oct 04, 2020 9:23:31 PM com.firmex.listener.WebEventListener beforeFindBy
INFO: Trying to find Element By : By.xpath: //ul[@id='primary-menu']//li//a[contains(text(),'Virtual Data Room')]
Oct 04, 2020 9:23:31 PM com.firmex.listener.WebEventListener afterFindBy
INFO: Found Element By : By.xpath: //ul[@id='primary-menu']//li//a[contains(text(),'Virtual Data Room')]
Oct 04, 2020 9:23:31 PM com.firmex.helper.CommonMethods elementPresenceCheck
INFO: Element is displayed in UI
Oct 04, 2020 9:23:31 PM com.firmex.listener.WebEventListener beforeFindBy
INFO: Trying to find Element By : By.xpath: //ul[@id='primary-menu']//li//a[contains(text(),'Solutions')]
Oct 04, 2020 9:23:31 PM com.firmex.listener.WebEventListener afterFindBy
INFO: Found Element By : By.xpath: //ul[@id='primary-menu']//li//a[contains(text(),'Solutions')]
Oct 04, 2020 9:23:31 PM com.firmex.helper.CommonMethods elementPresenceCheck
INFO: *******Element presence check*********true
Oct 04, 2020 9:23:31 PM com.firmex.listener.WebEventListener beforeFindBy
INFO: Trying to find Element By : By.xpath: //ul[@id='primary-menu']//li//a[contains(text(),'Solutions')]
Oct 04, 2020 9:23:31 PM com.firmex.listener.WebEventListener afterFindBy
INFO: Found Element By : By.xpath: //ul[@id='primary-menu']//li//a[contains(text(),'Solutions')]
Oct 04, 2020 9:23:31 PM com.firmex.helper.CommonMethods elementPresenceCheck
INFO: Element is displayed in UI
Oct 04, 2020 9:23:31 PM com.firmex.listener.WebEventListener beforeFindBy
INFO: Trying to find Element By : By.xpath: //ul[@id='primary-menu']//li//a[contains(text(),'Customers')]
Oct 04, 2020 9:23:31 PM com.firmex.listener.WebEventListener afterFindBy
INFO: Found Element By : By.xpath: //ul[@id='primary-menu']//li//a[contains(text(),'Customers')]
Oct 04, 2020 9:23:31 PM com.firmex.helper.CommonMethods elementPresenceCheck
INFO: *******Element presence check*********true
Oct 04, 2020 9:23:31 PM com.firmex.listener.WebEventListener beforeFindBy
INFO: Trying to find Element By : By.xpath: //ul[@id='primary-menu']//li//a[contains(text(),'Customers')]
Oct 04, 2020 9:23:31 PM com.firmex.listener.WebEventListener afterFindBy
INFO: Found Element By : By.xpath: //ul[@id='primary-menu']//li//a[contains(text(),'Customers')]
Oct 04, 2020 9:23:31 PM com.firmex.helper.CommonMethods elementPresenceCheck
INFO: Element is displayed in UI
Oct 04, 2020 9:23:31 PM com.firmex.listener.WebEventListener beforeFindBy
INFO: Trying to find Element By : By.xpath: //ul[@id='primary-menu']//li//a[contains(text(),'Support')]
Oct 04, 2020 9:23:31 PM com.firmex.listener.WebEventListener afterFindBy
INFO: Found Element By : By.xpath: //ul[@id='primary-menu']//li//a[contains(text(),'Support')]
Oct 04, 2020 9:23:31 PM com.firmex.helper.CommonMethods elementPresenceCheck
INFO: *******Element presence check*********true
Oct 04, 2020 9:23:31 PM com.firmex.listener.WebEventListener beforeFindBy
INFO: Trying to find Element By : By.xpath: //ul[@id='primary-menu']//li//a[contains(text(),'Support')]
Oct 04, 2020 9:23:31 PM com.firmex.listener.WebEventListener afterFindBy
INFO: Found Element By : By.xpath: //ul[@id='primary-menu']//li//a[contains(text(),'Support')]
Oct 04, 2020 9:23:31 PM com.firmex.helper.CommonMethods elementPresenceCheck
INFO: Element is displayed in UI
Oct 04, 2020 9:23:31 PM com.firmex.listener.WebEventListener beforeFindBy
INFO: Trying to find Element By : By.xpath: //ul[@id='primary-menu']//li//a[contains(text(),'Resources')]
Oct 04, 2020 9:23:31 PM com.firmex.listener.WebEventListener afterFindBy
INFO: Found Element By : By.xpath: //ul[@id='primary-menu']//li//a[contains(text(),'Resources')]
Oct 04, 2020 9:23:31 PM com.firmex.helper.CommonMethods elementPresenceCheck
INFO: *******Element presence check*********true
Oct 04, 2020 9:23:31 PM com.firmex.listener.WebEventListener beforeFindBy
INFO: Trying to find Element By : By.xpath: //ul[@id='primary-menu']//li//a[contains(text(),'Resources')]
Oct 04, 2020 9:23:31 PM com.firmex.listener.WebEventListener afterFindBy
INFO: Found Element By : By.xpath: //ul[@id='primary-menu']//li//a[contains(text(),'Resources')]
Oct 04, 2020 9:23:31 PM com.firmex.helper.CommonMethods elementPresenceCheck
INFO: Element is displayed in UI
Oct 04, 2020 9:23:31 PM com.firmex.listener.WebEventListener beforeFindBy
INFO: Trying to find Element By : By.xpath: //a[@class='button login']/following::a[contains(text(),'Book A Demo')][1]
Oct 04, 2020 9:23:31 PM com.firmex.listener.WebEventListener afterFindBy
INFO: Found Element By : By.xpath: //a[@class='button login']/following::a[contains(text(),'Book A Demo')][1]
Oct 04, 2020 9:23:31 PM com.firmex.helper.CommonMethods elementPresenceCheck
INFO: *******Element presence check*********true
Oct 04, 2020 9:23:31 PM com.firmex.listener.WebEventListener beforeFindBy
INFO: Trying to find Element By : By.xpath: //a[@class='button login']/following::a[contains(text(),'Book A Demo')][1]
Oct 04, 2020 9:23:31 PM com.firmex.listener.WebEventListener afterFindBy
INFO: Found Element By : By.xpath: //a[@class='button login']/following::a[contains(text(),'Book A Demo')][1]
Oct 04, 2020 9:23:31 PM com.firmex.helper.CommonMethods elementPresenceCheck
INFO: Element is displayed in UI
Oct 04, 2020 9:23:31 PM com.firmex.helper.Defs takeScreenShot
INFO: Inside Screen Shot
Oct 04, 2020 9:23:31 PM com.firmex.listener.WebEventListener beforeFindBy
INFO: Trying to find Element By : By.xpath: //a[@class='custom-logo-link']
Oct 04, 2020 9:23:31 PM com.firmex.listener.WebEventListener afterFindBy
INFO: Found Element By : By.xpath: //a[@class='custom-logo-link']
Oct 04, 2020 9:23:31 PM com.firmex.helper.CommonMethods getXpath
INFO: Extracted xpath-----> //a[@class='custom-logo-link']
Oct 04, 2020 9:23:31 PM com.firmex.helper.Defs highlightElement
INFO: Highlight Value ---> //a[@class='custom-logo-link']
Oct 04, 2020 9:23:31 PM com.firmex.listener.WebEventListener beforeFindBy
INFO: Trying to find Element By : By.xpath:  //a[@class='custom-logo-link']
Oct 04, 2020 9:23:31 PM com.firmex.listener.WebEventListener afterFindBy
INFO: Found Element By : By.xpath:  //a[@class='custom-logo-link']
Oct 04, 2020 9:23:31 PM com.firmex.listener.WebEventListener beforeFindBy
INFO: Trying to find Element By : By.xpath: //ul[@id='primary-menu']//li//a[contains(text(),'Virtual Data Room')]
Oct 04, 2020 9:23:31 PM com.firmex.listener.WebEventListener afterFindBy
INFO: Found Element By : By.xpath: //ul[@id='primary-menu']//li//a[contains(text(),'Virtual Data Room')]
Oct 04, 2020 9:23:31 PM com.firmex.helper.CommonMethods getXpath
INFO: Extracted xpath-----> //ul[@id='primary-menu']//li//a[contains(text(),'Virtual Data Room')]
Oct 04, 2020 9:23:31 PM com.firmex.helper.Defs highlightElement
INFO: Highlight Value ---> //ul[@id='primary-menu']//li//a[contains(text(),'Virtual Data Room')]
Oct 04, 2020 9:23:31 PM com.firmex.listener.WebEventListener beforeFindBy
INFO: Trying to find Element By : By.xpath:  //ul[@id='primary-menu']//li//a[contains(text(),'Virtual Data Room')]
Oct 04, 2020 9:23:32 PM com.firmex.listener.WebEventListener afterFindBy
INFO: Found Element By : By.xpath:  //ul[@id='primary-menu']//li//a[contains(text(),'Virtual Data Room')]
Oct 04, 2020 9:23:32 PM com.firmex.listener.WebEventListener beforeFindBy
INFO: Trying to find Element By : By.xpath: //ul[@id='primary-menu']//li//a[contains(text(),'Solutions')]
Oct 04, 2020 9:23:32 PM com.firmex.listener.WebEventListener afterFindBy
INFO: Found Element By : By.xpath: //ul[@id='primary-menu']//li//a[contains(text(),'Solutions')]
Oct 04, 2020 9:23:32 PM com.firmex.helper.CommonMethods getXpath
INFO: Extracted xpath-----> //ul[@id='primary-menu']//li//a[contains(text(),'Solutions')]
Oct 04, 2020 9:23:32 PM com.firmex.helper.Defs highlightElement
INFO: Highlight Value ---> //ul[@id='primary-menu']//li//a[contains(text(),'Solutions')]
Oct 04, 2020 9:23:32 PM com.firmex.listener.WebEventListener beforeFindBy
INFO: Trying to find Element By : By.xpath:  //ul[@id='primary-menu']//li//a[contains(text(),'Solutions')]
Oct 04, 2020 9:23:32 PM com.firmex.listener.WebEventListener afterFindBy
INFO: Found Element By : By.xpath:  //ul[@id='primary-menu']//li//a[contains(text(),'Solutions')]
Oct 04, 2020 9:23:32 PM com.firmex.listener.WebEventListener beforeFindBy
INFO: Trying to find Element By : By.xpath: //ul[@id='primary-menu']//li//a[contains(text(),'Customers')]
Oct 04, 2020 9:23:32 PM com.firmex.listener.WebEventListener afterFindBy
INFO: Found Element By : By.xpath: //ul[@id='primary-menu']//li//a[contains(text(),'Customers')]
Oct 04, 2020 9:23:32 PM com.firmex.helper.CommonMethods getXpath
INFO: Extracted xpath-----> //ul[@id='primary-menu']//li//a[contains(text(),'Customers')]
Oct 04, 2020 9:23:32 PM com.firmex.helper.Defs highlightElement
INFO: Highlight Value ---> //ul[@id='primary-menu']//li//a[contains(text(),'Customers')]
Oct 04, 2020 9:23:32 PM com.firmex.listener.WebEventListener beforeFindBy
INFO: Trying to find Element By : By.xpath:  //ul[@id='primary-menu']//li//a[contains(text(),'Customers')]
Oct 04, 2020 9:23:32 PM com.firmex.listener.WebEventListener afterFindBy
INFO: Found Element By : By.xpath:  //ul[@id='primary-menu']//li//a[contains(text(),'Customers')]
Oct 04, 2020 9:23:32 PM com.firmex.listener.WebEventListener beforeFindBy
INFO: Trying to find Element By : By.xpath: //ul[@id='primary-menu']//li//a[contains(text(),'Support')]
Oct 04, 2020 9:23:32 PM com.firmex.listener.WebEventListener afterFindBy
INFO: Found Element By : By.xpath: //ul[@id='primary-menu']//li//a[contains(text(),'Support')]
Oct 04, 2020 9:23:32 PM com.firmex.helper.CommonMethods getXpath
INFO: Extracted xpath-----> //ul[@id='primary-menu']//li//a[contains(text(),'Support')]
Oct 04, 2020 9:23:32 PM com.firmex.helper.Defs highlightElement
INFO: Highlight Value ---> //ul[@id='primary-menu']//li//a[contains(text(),'Support')]
Oct 04, 2020 9:23:32 PM com.firmex.listener.WebEventListener beforeFindBy
INFO: Trying to find Element By : By.xpath:  //ul[@id='primary-menu']//li//a[contains(text(),'Support')]
Oct 04, 2020 9:23:32 PM com.firmex.listener.WebEventListener afterFindBy
INFO: Found Element By : By.xpath:  //ul[@id='primary-menu']//li//a[contains(text(),'Support')]
Oct 04, 2020 9:23:32 PM com.firmex.listener.WebEventListener beforeFindBy
INFO: Trying to find Element By : By.xpath: //ul[@id='primary-menu']//li//a[contains(text(),'Resources')]
Oct 04, 2020 9:23:32 PM com.firmex.listener.WebEventListener afterFindBy
INFO: Found Element By : By.xpath: //ul[@id='primary-menu']//li//a[contains(text(),'Resources')]
Oct 04, 2020 9:23:32 PM com.firmex.helper.CommonMethods getXpath
INFO: Extracted xpath-----> //ul[@id='primary-menu']//li//a[contains(text(),'Resources')]
Oct 04, 2020 9:23:32 PM com.firmex.helper.Defs highlightElement
INFO: Highlight Value ---> //ul[@id='primary-menu']//li//a[contains(text(),'Resources')]
Oct 04, 2020 9:23:32 PM com.firmex.listener.WebEventListener beforeFindBy
INFO: Trying to find Element By : By.xpath:  //ul[@id='primary-menu']//li//a[contains(text(),'Resources')]
Oct 04, 2020 9:23:32 PM com.firmex.listener.WebEventListener afterFindBy
INFO: Found Element By : By.xpath:  //ul[@id='primary-menu']//li//a[contains(text(),'Resources')]
Oct 04, 2020 9:23:32 PM com.firmex.listener.WebEventListener beforeFindBy
INFO: Trying to find Element By : By.xpath: //a[@class='button login']/following::a[contains(text(),'Book A Demo')][1]
Oct 04, 2020 9:23:32 PM com.firmex.listener.WebEventListener afterFindBy
INFO: Found Element By : By.xpath: //a[@class='button login']/following::a[contains(text(),'Book A Demo')][1]
Oct 04, 2020 9:23:32 PM com.firmex.helper.CommonMethods getXpath
INFO: Extracted xpath-----> //a[@class='button login']/following::a[contains(text(),'Book A Demo')][1]
Oct 04, 2020 9:23:32 PM com.firmex.helper.Defs highlightElement
INFO: Highlight Value ---> //a[@class='button login']/following::a[contains(text(),'Book A Demo')][1]
Oct 04, 2020 9:23:32 PM com.firmex.listener.WebEventListener beforeFindBy
INFO: Trying to find Element By : By.xpath:  //a[@class='button login']/following::a[contains(text(),'Book A Demo')][1]
Oct 04, 2020 9:23:32 PM com.firmex.listener.WebEventListener afterFindBy
INFO: Found Element By : By.xpath:  //a[@class='button login']/following::a[contains(text(),'Book A Demo')][1]
Oct 04, 2020 9:23:32 PM com.firmex.listener.WebEventListener beforeFindBy
INFO: Trying to find Element By : By.xpath: //a[@class='custom-logo-link']
Oct 04, 2020 9:23:32 PM com.firmex.listener.WebEventListener afterFindBy
INFO: Found Element By : By.xpath: //a[@class='custom-logo-link']
Oct 04, 2020 9:23:32 PM com.firmex.helper.CommonMethods getXpath
INFO: Extracted xpath-----> //a[@class='custom-logo-link']
Oct 04, 2020 9:23:32 PM com.firmex.listener.WebEventListener beforeFindBy
INFO: Trying to find Element By : By.xpath:  //a[@class='custom-logo-link']
Oct 04, 2020 9:23:32 PM com.firmex.listener.WebEventListener afterFindBy
INFO: Found Element By : By.xpath:  //a[@class='custom-logo-link']
Oct 04, 2020 9:23:32 PM com.firmex.listener.WebEventListener beforeFindBy
INFO: Trying to find Element By : By.xpath: //ul[@id='primary-menu']//li//a[contains(text(),'Virtual Data Room')]
Oct 04, 2020 9:23:32 PM com.firmex.listener.WebEventListener afterFindBy
INFO: Found Element By : By.xpath: //ul[@id='primary-menu']//li//a[contains(text(),'Virtual Data Room')]
Oct 04, 2020 9:23:32 PM com.firmex.helper.CommonMethods getXpath
INFO: Extracted xpath-----> //ul[@id='primary-menu']//li//a[contains(text(),'Virtual Data Room')]
Oct 04, 2020 9:23:32 PM com.firmex.listener.WebEventListener beforeFindBy
INFO: Trying to find Element By : By.xpath:  //ul[@id='primary-menu']//li//a[contains(text(),'Virtual Data Room')]
Oct 04, 2020 9:23:32 PM com.firmex.listener.WebEventListener afterFindBy
INFO: Found Element By : By.xpath:  //ul[@id='primary-menu']//li//a[contains(text(),'Virtual Data Room')]
Oct 04, 2020 9:23:32 PM com.firmex.listener.WebEventListener beforeFindBy
INFO: Trying to find Element By : By.xpath: //ul[@id='primary-menu']//li//a[contains(text(),'Solutions')]
Oct 04, 2020 9:23:32 PM com.firmex.listener.WebEventListener afterFindBy
INFO: Found Element By : By.xpath: //ul[@id='primary-menu']//li//a[contains(text(),'Solutions')]
Oct 04, 2020 9:23:32 PM com.firmex.helper.CommonMethods getXpath
INFO: Extracted xpath-----> //ul[@id='primary-menu']//li//a[contains(text(),'Solutions')]
Oct 04, 2020 9:23:32 PM com.firmex.listener.WebEventListener beforeFindBy
INFO: Trying to find Element By : By.xpath:  //ul[@id='primary-menu']//li//a[contains(text(),'Solutions')]
Oct 04, 2020 9:23:33 PM com.firmex.listener.WebEventListener afterFindBy
INFO: Found Element By : By.xpath:  //ul[@id='primary-menu']//li//a[contains(text(),'Solutions')]
Oct 04, 2020 9:23:33 PM com.firmex.listener.WebEventListener beforeFindBy
INFO: Trying to find Element By : By.xpath: //ul[@id='primary-menu']//li//a[contains(text(),'Customers')]
Oct 04, 2020 9:23:33 PM com.firmex.listener.WebEventListener afterFindBy
INFO: Found Element By : By.xpath: //ul[@id='primary-menu']//li//a[contains(text(),'Customers')]
Oct 04, 2020 9:23:33 PM com.firmex.helper.CommonMethods getXpath
INFO: Extracted xpath-----> //ul[@id='primary-menu']//li//a[contains(text(),'Customers')]
Oct 04, 2020 9:23:33 PM com.firmex.listener.WebEventListener beforeFindBy
INFO: Trying to find Element By : By.xpath:  //ul[@id='primary-menu']//li//a[contains(text(),'Customers')]
Oct 04, 2020 9:23:33 PM com.firmex.listener.WebEventListener afterFindBy
INFO: Found Element By : By.xpath:  //ul[@id='primary-menu']//li//a[contains(text(),'Customers')]
Oct 04, 2020 9:23:33 PM com.firmex.listener.WebEventListener beforeFindBy
INFO: Trying to find Element By : By.xpath: //ul[@id='primary-menu']//li//a[contains(text(),'Support')]
Oct 04, 2020 9:23:33 PM com.firmex.listener.WebEventListener afterFindBy
INFO: Found Element By : By.xpath: //ul[@id='primary-menu']//li//a[contains(text(),'Support')]
Oct 04, 2020 9:23:33 PM com.firmex.helper.CommonMethods getXpath
INFO: Extracted xpath-----> //ul[@id='primary-menu']//li//a[contains(text(),'Support')]
Oct 04, 2020 9:23:33 PM com.firmex.listener.WebEventListener beforeFindBy
INFO: Trying to find Element By : By.xpath:  //ul[@id='primary-menu']//li//a[contains(text(),'Support')]
Oct 04, 2020 9:23:33 PM com.firmex.listener.WebEventListener afterFindBy
INFO: Found Element By : By.xpath:  //ul[@id='primary-menu']//li//a[contains(text(),'Support')]
Oct 04, 2020 9:23:33 PM com.firmex.listener.WebEventListener beforeFindBy
INFO: Trying to find Element By : By.xpath: //ul[@id='primary-menu']//li//a[contains(text(),'Resources')]
Oct 04, 2020 9:23:33 PM com.firmex.listener.WebEventListener afterFindBy
INFO: Found Element By : By.xpath: //ul[@id='primary-menu']//li//a[contains(text(),'Resources')]
Oct 04, 2020 9:23:33 PM com.firmex.helper.CommonMethods getXpath
INFO: Extracted xpath-----> //ul[@id='primary-menu']//li//a[contains(text(),'Resources')]
Oct 04, 2020 9:23:33 PM com.firmex.listener.WebEventListener beforeFindBy
INFO: Trying to find Element By : By.xpath:  //ul[@id='primary-menu']//li//a[contains(text(),'Resources')]
Oct 04, 2020 9:23:33 PM com.firmex.listener.WebEventListener afterFindBy
INFO: Found Element By : By.xpath:  //ul[@id='primary-menu']//li//a[contains(text(),'Resources')]
Oct 04, 2020 9:23:33 PM com.firmex.listener.WebEventListener beforeFindBy
INFO: Trying to find Element By : By.xpath: //a[@class='button login']/following::a[contains(text(),'Book A Demo')][1]
Oct 04, 2020 9:23:33 PM com.firmex.listener.WebEventListener afterFindBy
INFO: Found Element By : By.xpath: //a[@class='button login']/following::a[contains(text(),'Book A Demo')][1]
Oct 04, 2020 9:23:33 PM com.firmex.helper.CommonMethods getXpath
INFO: Extracted xpath-----> //a[@class='button login']/following::a[contains(text(),'Book A Demo')][1]
Oct 04, 2020 9:23:33 PM com.firmex.listener.WebEventListener beforeFindBy
INFO: Trying to find Element By : By.xpath:  //a[@class='button login']/following::a[contains(text(),'Book A Demo')][1]
Oct 04, 2020 9:23:33 PM com.firmex.listener.WebEventListener afterFindBy
INFO: Found Element By : By.xpath:  //a[@class='button login']/following::a[contains(text(),'Book A Demo')][1]
Oct 04, 2020 9:23:33 PM com.firmex.helper.Defs takeScreenShot
INFO: ResultFolder\Reports\\Execution_Results_LAPTOP-B5VJQV3P_2020_10_04_21_23_21_143\Screenshots\Screenshot_1_elements_2020_10_04_21_23_31
Oct 04, 2020 9:23:33 PM com.firmex.helper.Defs log
INFO: Page contents are validated
Oct 04, 2020 9:23:33 PM com.firmex.listener.WebEventListener beforeFindBy
INFO: Trying to find Element By : By.xpath: //div[contains(@class, 'survey-point')]
Oct 04, 2020 9:23:48 PM com.firmex.listener.WebEventListener onException
INFO: Exception occured: org.openqa.selenium.NoSuchElementException: no such element: Unable to locate element: {"method":"xpath","selector":"//div[contains(@class, 'survey-point')]"}
  (Session info: chrome=85.0.4183.121)
For documentation on this error, please visit: https://www.seleniumhq.org/exceptions/no_such_element.html
Build info: version: '3.141.59', revision: 'e82be7d358', time: '2018-11-14T08:17:03'
System info: host: 'LAPTOP-B5VJQV3P', ip: '192.168.0.15', os.name: 'Windows 10', os.arch: 'amd64', os.version: '10.0', java.version: '1.8.0_241'
Driver info: org.openqa.selenium.chrome.ChromeDriver
Capabilities {acceptInsecureCerts: false, browserName: chrome, browserVersion: 85.0.4183.121, chrome: {chromedriverVersion: 85.0.4183.87 (cd6713ebf92fa..., userDataDir: C:\Users\Bala\AppData\Local...}, goog:chromeOptions: {debuggerAddress: localhost:65090}, javascriptEnabled: true, networkConnectionEnabled: false, pageLoadStrategy: normal, platform: WINDOWS, platformName: WINDOWS, proxy: Proxy(), setWindowRect: true, strictFileInteractability: false, timeouts: {implicit: 0, pageLoad: 300000, script: 30000}, unhandledPromptBehavior: dismiss and notify, webauthn:virtualAuthenticators: true}
Session ID: 99d3377a9ffd11f4e3795138d4172cf6
*** Element info: {Using=xpath, value=//div[contains(@class, 'survey-point')]}
Oct 04, 2020 9:23:48 PM com.firmex.helper.CommonMethods elementPresenceCheck
INFO: No Such Element Exception Occur
Oct 04, 2020 9:23:48 PM com.firmex.listener.WebEventListener beforeFindBy
INFO: Trying to find Element By : By.xpath: //a[@class='button login']
Oct 04, 2020 9:23:48 PM com.firmex.listener.WebEventListener afterFindBy
INFO: Found Element By : By.xpath: //a[@class='button login']
Oct 04, 2020 9:23:48 PM com.firmex.helper.CommonMethods elementPresenceCheck
INFO: *******Element presence check*********true
Oct 04, 2020 9:23:48 PM com.firmex.listener.WebEventListener beforeFindBy
INFO: Trying to find Element By : By.xpath: //a[@class='button login']
Oct 04, 2020 9:23:48 PM com.firmex.listener.WebEventListener afterFindBy
INFO: Found Element By : By.xpath: //a[@class='button login']
Oct 04, 2020 9:23:48 PM com.firmex.helper.CommonMethods elementPresenceCheck
INFO: Element is displayed in UI
Oct 04, 2020 9:23:48 PM com.firmex.listener.WebEventListener beforeFindBy
INFO: Trying to find Element By : By.xpath: //a[@class='button login']
Oct 04, 2020 9:23:48 PM com.firmex.listener.WebEventListener afterFindBy
INFO: Found Element By : By.xpath: //a[@class='button login']
Oct 04, 2020 9:23:48 PM com.firmex.helper.CommonMethods getXpath
INFO: Extracted xpath-----> //a[@class='button login']
Oct 04, 2020 9:23:48 PM com.firmex.listener.WebEventListener beforeFindBy
INFO: Trying to find Element By : By.xpath:  //a[@class='button login']
Oct 04, 2020 9:23:48 PM com.firmex.listener.WebEventListener afterFindBy
INFO: Found Element By : By.xpath:  //a[@class='button login']
Oct 04, 2020 9:23:48 PM com.firmex.listener.WebEventListener beforeFindBy
INFO: Trying to find Element By : By.xpath: //a[@class='button login']
Oct 04, 2020 9:23:48 PM com.firmex.listener.WebEventListener afterFindBy
INFO: Found Element By : By.xpath: //a[@class='button login']
Oct 04, 2020 9:23:48 PM com.firmex.listener.WebEventListener beforeClickOn
INFO: Trying to click on: [[ChromeDriver: chrome on WINDOWS (99d3377a9ffd11f4e3795138d4172cf6)] -> xpath: //a[@class='button login']]
Oct 04, 2020 9:23:48 PM com.firmex.listener.WebEventListener afterClickOn
INFO: Clicked on: [[ChromeDriver: chrome on WINDOWS (99d3377a9ffd11f4e3795138d4172cf6)] -> xpath: //a[@class='button login']]
Oct 04, 2020 9:23:48 PM com.firmex.listener.WebEventListener beforeFindBy
INFO: Trying to find Element By : By.xpath: //img[@class='loginLogo']
Oct 04, 2020 9:23:50 PM com.firmex.listener.WebEventListener afterFindBy
INFO: Found Element By : By.xpath: //img[@class='loginLogo']
Oct 04, 2020 9:23:50 PM com.firmex.helper.CommonMethods elementPresenceCheck
INFO: *******Element presence check*********true
Oct 04, 2020 9:23:50 PM com.firmex.listener.WebEventListener beforeFindBy
INFO: Trying to find Element By : By.xpath: //img[@class='loginLogo']
Oct 04, 2020 9:23:50 PM com.firmex.listener.WebEventListener afterFindBy
INFO: Found Element By : By.xpath: //img[@class='loginLogo']
Oct 04, 2020 9:23:50 PM com.firmex.helper.CommonMethods elementPresenceCheck
INFO: Element is displayed in UI
Oct 04, 2020 9:23:50 PM com.firmex.listener.WebEventListener beforeFindBy
INFO: Trying to find Element By : By.xpath: //h4[text()='Email Address']
Oct 04, 2020 9:23:50 PM com.firmex.listener.WebEventListener afterFindBy
INFO: Found Element By : By.xpath: //h4[text()='Email Address']
Oct 04, 2020 9:23:50 PM com.firmex.helper.CommonMethods elementPresenceCheck
INFO: *******Element presence check*********true
Oct 04, 2020 9:23:50 PM com.firmex.listener.WebEventListener beforeFindBy
INFO: Trying to find Element By : By.xpath: //h4[text()='Email Address']
Oct 04, 2020 9:23:50 PM com.firmex.listener.WebEventListener afterFindBy
INFO: Found Element By : By.xpath: //h4[text()='Email Address']
Oct 04, 2020 9:23:50 PM com.firmex.helper.CommonMethods elementPresenceCheck
INFO: Element is displayed in UI
Oct 04, 2020 9:23:50 PM com.firmex.listener.WebEventListener beforeFindBy
INFO: Trying to find Element By : By.xpath: //input[@name='email']
Oct 04, 2020 9:23:50 PM com.firmex.listener.WebEventListener afterFindBy
INFO: Found Element By : By.xpath: //input[@name='email']
Oct 04, 2020 9:23:50 PM com.firmex.helper.CommonMethods elementPresenceCheck
INFO: *******Element presence check*********true
Oct 04, 2020 9:23:50 PM com.firmex.listener.WebEventListener beforeFindBy
INFO: Trying to find Element By : By.xpath: //input[@name='email']
Oct 04, 2020 9:23:50 PM com.firmex.listener.WebEventListener afterFindBy
INFO: Found Element By : By.xpath: //input[@name='email']
Oct 04, 2020 9:23:50 PM com.firmex.helper.CommonMethods elementPresenceCheck
INFO: Element is displayed in UI
Oct 04, 2020 9:23:50 PM com.firmex.listener.WebEventListener beforeFindBy
INFO: Trying to find Element By : By.xpath: //input[@value='next']
Oct 04, 2020 9:23:50 PM com.firmex.listener.WebEventListener afterFindBy
INFO: Found Element By : By.xpath: //input[@value='next']
Oct 04, 2020 9:23:50 PM com.firmex.helper.CommonMethods elementPresenceCheck
INFO: *******Element presence check*********true
Oct 04, 2020 9:23:50 PM com.firmex.listener.WebEventListener beforeFindBy
INFO: Trying to find Element By : By.xpath: //input[@value='next']
Oct 04, 2020 9:23:50 PM com.firmex.listener.WebEventListener afterFindBy
INFO: Found Element By : By.xpath: //input[@value='next']
Oct 04, 2020 9:23:50 PM com.firmex.helper.CommonMethods elementPresenceCheck
INFO: Element is displayed in UI
Oct 04, 2020 9:23:50 PM com.firmex.helper.Defs takeOneShot
INFO: Inside Screen Shot
Oct 04, 2020 9:23:50 PM com.firmex.listener.WebEventListener beforeFindBy
INFO: Trying to find Element By : By.xpath: //img[@class='loginLogo']
Oct 04, 2020 9:23:50 PM com.firmex.listener.WebEventListener afterFindBy
INFO: Found Element By : By.xpath: //img[@class='loginLogo']
Oct 04, 2020 9:23:50 PM com.firmex.helper.CommonMethods getXpath
INFO: Extracted xpath-----> //img[@class='loginLogo']
Oct 04, 2020 9:23:50 PM com.firmex.helper.Defs highlightElement
INFO: Highlight Value ---> //img[@class='loginLogo']
Oct 04, 2020 9:23:50 PM com.firmex.listener.WebEventListener beforeFindBy
INFO: Trying to find Element By : By.xpath:  //img[@class='loginLogo']
Oct 04, 2020 9:23:50 PM com.firmex.listener.WebEventListener afterFindBy
INFO: Found Element By : By.xpath:  //img[@class='loginLogo']
Oct 04, 2020 9:23:50 PM com.firmex.listener.WebEventListener beforeFindBy
INFO: Trying to find Element By : By.xpath: //h4[text()='Email Address']
Oct 04, 2020 9:23:50 PM com.firmex.listener.WebEventListener afterFindBy
INFO: Found Element By : By.xpath: //h4[text()='Email Address']
Oct 04, 2020 9:23:50 PM com.firmex.helper.CommonMethods getXpath
INFO: Extracted xpath-----> //h4[text()='Email Address']
Oct 04, 2020 9:23:50 PM com.firmex.helper.Defs highlightElement
INFO: Highlight Value ---> //h4[text()='Email Address']
Oct 04, 2020 9:23:50 PM com.firmex.listener.WebEventListener beforeFindBy
INFO: Trying to find Element By : By.xpath:  //h4[text()='Email Address']
Oct 04, 2020 9:23:50 PM com.firmex.listener.WebEventListener afterFindBy
INFO: Found Element By : By.xpath:  //h4[text()='Email Address']
Oct 04, 2020 9:23:50 PM com.firmex.listener.WebEventListener beforeFindBy
INFO: Trying to find Element By : By.xpath: //input[@name='email']
Oct 04, 2020 9:23:50 PM com.firmex.listener.WebEventListener afterFindBy
INFO: Found Element By : By.xpath: //input[@name='email']
Oct 04, 2020 9:23:50 PM com.firmex.helper.CommonMethods getXpath
INFO: Extracted xpath-----> //input[@name='email']
Oct 04, 2020 9:23:50 PM com.firmex.helper.Defs highlightElement
INFO: Highlight Value ---> //input[@name='email']
Oct 04, 2020 9:23:50 PM com.firmex.listener.WebEventListener beforeFindBy
INFO: Trying to find Element By : By.xpath:  //input[@name='email']
Oct 04, 2020 9:23:50 PM com.firmex.listener.WebEventListener afterFindBy
INFO: Found Element By : By.xpath:  //input[@name='email']
Oct 04, 2020 9:23:50 PM com.firmex.listener.WebEventListener beforeFindBy
INFO: Trying to find Element By : By.xpath: //input[@value='next']
Oct 04, 2020 9:23:50 PM com.firmex.listener.WebEventListener afterFindBy
INFO: Found Element By : By.xpath: //input[@value='next']
Oct 04, 2020 9:23:50 PM com.firmex.helper.CommonMethods getXpath
INFO: Extracted xpath-----> //input[@value='next']
Oct 04, 2020 9:23:50 PM com.firmex.helper.Defs highlightElement
INFO: Highlight Value ---> //input[@value='next']
Oct 04, 2020 9:23:50 PM com.firmex.listener.WebEventListener beforeFindBy
INFO: Trying to find Element By : By.xpath:  //input[@value='next']
Oct 04, 2020 9:23:50 PM com.firmex.listener.WebEventListener afterFindBy
INFO: Found Element By : By.xpath:  //input[@value='next']
Oct 04, 2020 9:23:50 PM com.firmex.helper.Defs fullshot
INFO: Browser-->chrome
Oct 04, 2020 9:23:51 PM com.firmex.listener.WebEventListener beforeFindBy
INFO: Trying to find Element By : By.xpath: //img[@class='loginLogo']
Oct 04, 2020 9:23:51 PM com.firmex.listener.WebEventListener afterFindBy
INFO: Found Element By : By.xpath: //img[@class='loginLogo']
Oct 04, 2020 9:23:51 PM com.firmex.helper.CommonMethods getXpath
INFO: Extracted xpath-----> //img[@class='loginLogo']
Oct 04, 2020 9:23:51 PM com.firmex.listener.WebEventListener beforeFindBy
INFO: Trying to find Element By : By.xpath:  //img[@class='loginLogo']
Oct 04, 2020 9:23:51 PM com.firmex.listener.WebEventListener afterFindBy
INFO: Found Element By : By.xpath:  //img[@class='loginLogo']
Oct 04, 2020 9:23:51 PM com.firmex.listener.WebEventListener beforeFindBy
INFO: Trying to find Element By : By.xpath: //h4[text()='Email Address']
Oct 04, 2020 9:23:51 PM com.firmex.listener.WebEventListener afterFindBy
INFO: Found Element By : By.xpath: //h4[text()='Email Address']
Oct 04, 2020 9:23:51 PM com.firmex.helper.CommonMethods getXpath
INFO: Extracted xpath-----> //h4[text()='Email Address']
Oct 04, 2020 9:23:51 PM com.firmex.listener.WebEventListener beforeFindBy
INFO: Trying to find Element By : By.xpath:  //h4[text()='Email Address']
Oct 04, 2020 9:23:51 PM com.firmex.listener.WebEventListener afterFindBy
INFO: Found Element By : By.xpath:  //h4[text()='Email Address']
Oct 04, 2020 9:23:51 PM com.firmex.listener.WebEventListener beforeFindBy
INFO: Trying to find Element By : By.xpath: //input[@name='email']
Oct 04, 2020 9:23:51 PM com.firmex.listener.WebEventListener afterFindBy
INFO: Found Element By : By.xpath: //input[@name='email']
Oct 04, 2020 9:23:51 PM com.firmex.helper.CommonMethods getXpath
INFO: Extracted xpath-----> //input[@name='email']
Oct 04, 2020 9:23:51 PM com.firmex.listener.WebEventListener beforeFindBy
INFO: Trying to find Element By : By.xpath:  //input[@name='email']
Oct 04, 2020 9:23:51 PM com.firmex.listener.WebEventListener afterFindBy
INFO: Found Element By : By.xpath:  //input[@name='email']
Oct 04, 2020 9:23:51 PM com.firmex.listener.WebEventListener beforeFindBy
INFO: Trying to find Element By : By.xpath: //input[@value='next']
Oct 04, 2020 9:23:51 PM com.firmex.listener.WebEventListener afterFindBy
INFO: Found Element By : By.xpath: //input[@value='next']
Oct 04, 2020 9:23:51 PM com.firmex.helper.CommonMethods getXpath
INFO: Extracted xpath-----> //input[@value='next']
Oct 04, 2020 9:23:51 PM com.firmex.listener.WebEventListener beforeFindBy
INFO: Trying to find Element By : By.xpath:  //input[@value='next']
Oct 04, 2020 9:23:51 PM com.firmex.listener.WebEventListener afterFindBy
INFO: Found Element By : By.xpath:  //input[@value='next']
Oct 04, 2020 9:23:51 PM com.firmex.helper.Defs takeOneShot
INFO: ResultFolder\Reports\\Execution_Results_LAPTOP-B5VJQV3P_2020_10_04_21_23_21_143\Screenshots\Screenshot_2_elements_2020_10_04_21_23_50
Oct 04, 2020 9:23:51 PM com.firmex.listener.WebEventListener beforeFindBy
INFO: Trying to find Element By : By.xpath: //input[@name='email']
Oct 04, 2020 9:23:51 PM com.firmex.listener.WebEventListener afterFindBy
INFO: Found Element By : By.xpath: //input[@name='email']
Oct 04, 2020 9:23:51 PM com.firmex.helper.CommonMethods getXpath
INFO: Extracted xpath-----> //input[@name='email']
Oct 04, 2020 9:23:51 PM com.firmex.listener.WebEventListener beforeFindBy
INFO: Trying to find Element By : By.xpath:  //input[@name='email']
Oct 04, 2020 9:23:51 PM com.firmex.listener.WebEventListener afterFindBy
INFO: Found Element By : By.xpath:  //input[@name='email']
Oct 04, 2020 9:23:51 PM com.firmex.listener.WebEventListener beforeFindBy
INFO: Trying to find Element By : By.xpath: //input[@name='email']
Oct 04, 2020 9:23:52 PM com.firmex.listener.WebEventListener afterFindBy
INFO: Found Element By : By.xpath: //input[@name='email']
Oct 04, 2020 9:23:52 PM com.firmex.listener.WebEventListener beforeFindBy
INFO: Trying to find Element By : By.xpath: //input[@name='email']
Oct 04, 2020 9:23:52 PM com.firmex.listener.WebEventListener afterFindBy
INFO: Found Element By : By.xpath: //input[@name='email']
Oct 04, 2020 9:23:52 PM com.firmex.helper.Defs takeOneShot
INFO: Inside Screen Shot
Oct 04, 2020 9:23:52 PM com.firmex.listener.WebEventListener beforeFindBy
INFO: Trying to find Element By : By.xpath: //input[@name='email']
Oct 04, 2020 9:23:52 PM com.firmex.listener.WebEventListener afterFindBy
INFO: Found Element By : By.xpath: //input[@name='email']
Oct 04, 2020 9:23:52 PM com.firmex.helper.CommonMethods getXpath
INFO: Extracted xpath-----> //input[@name='email']
Oct 04, 2020 9:23:52 PM com.firmex.helper.Defs highlightElement
INFO: Highlight Value ---> //input[@name='email']
Oct 04, 2020 9:23:52 PM com.firmex.listener.WebEventListener beforeFindBy
INFO: Trying to find Element By : By.xpath:  //input[@name='email']
Oct 04, 2020 9:23:52 PM com.firmex.listener.WebEventListener afterFindBy
INFO: Found Element By : By.xpath:  //input[@name='email']
Oct 04, 2020 9:23:52 PM com.firmex.helper.Defs fullshot
INFO: Browser-->chrome
Oct 04, 2020 9:23:52 PM com.firmex.listener.WebEventListener beforeFindBy
INFO: Trying to find Element By : By.xpath:  //input[@name='email']
Oct 04, 2020 9:23:52 PM com.firmex.listener.WebEventListener afterFindBy
INFO: Found Element By : By.xpath:  //input[@name='email']
Oct 04, 2020 9:23:52 PM com.firmex.helper.Defs takeOneShot
INFO: ResultFolder\Reports\\Execution_Results_LAPTOP-B5VJQV3P_2020_10_04_21_23_21_143\Screenshots\Screenshot_3_Email_2020_10_04_21_23_52
Oct 04, 2020 9:23:52 PM com.firmex.listener.WebEventListener beforeFindBy
INFO: Trying to find Element By : By.xpath: //input[@value='next']
Oct 04, 2020 9:23:52 PM com.firmex.listener.WebEventListener afterFindBy
INFO: Found Element By : By.xpath: //input[@value='next']
Oct 04, 2020 9:23:52 PM com.firmex.helper.CommonMethods getXpath
INFO: Extracted xpath-----> //input[@value='next']
Oct 04, 2020 9:23:52 PM com.firmex.listener.WebEventListener beforeFindBy
INFO: Trying to find Element By : By.xpath:  //input[@value='next']
Oct 04, 2020 9:23:52 PM com.firmex.listener.WebEventListener afterFindBy
INFO: Found Element By : By.xpath:  //input[@value='next']
Oct 04, 2020 9:23:52 PM com.firmex.listener.WebEventListener beforeFindBy
INFO: Trying to find Element By : By.xpath: //input[@value='next']
Oct 04, 2020 9:23:52 PM com.firmex.listener.WebEventListener afterFindBy
INFO: Found Element By : By.xpath: //input[@value='next']
Oct 04, 2020 9:23:52 PM com.firmex.listener.WebEventListener beforeClickOn
INFO: Trying to click on: [[ChromeDriver: chrome on WINDOWS (99d3377a9ffd11f4e3795138d4172cf6)] -> xpath: //input[@value='next']]
Oct 04, 2020 9:23:53 PM com.firmex.listener.WebEventListener afterClickOn
INFO: Clicked on: [[ChromeDriver: chrome on WINDOWS (99d3377a9ffd11f4e3795138d4172cf6)] -> xpath: //input[@value='next']]
Oct 04, 2020 9:23:53 PM com.firmex.listener.WebEventListener beforeFindBy
INFO: Trying to find Element By : By.xpath: //input[@value='Log In']
Oct 04, 2020 9:23:53 PM com.firmex.listener.WebEventListener afterFindBy
INFO: Found Element By : By.xpath: //input[@value='Log In']
Oct 04, 2020 9:23:53 PM com.firmex.helper.CommonMethods getXpath
INFO: Extracted xpath-----> //input[@value='Log In']
Oct 04, 2020 9:23:53 PM com.firmex.listener.WebEventListener beforeFindBy
INFO: Trying to find Element By : By.xpath:  //input[@value='Log In']
Oct 04, 2020 9:23:53 PM com.firmex.listener.WebEventListener afterFindBy
INFO: Found Element By : By.xpath:  //input[@value='Log In']
Oct 04, 2020 9:23:53 PM com.firmex.listener.WebEventListener beforeFindBy
INFO: Trying to find Element By : By.xpath: //h4[text()='Password']
Oct 04, 2020 9:23:53 PM com.firmex.listener.WebEventListener afterFindBy
INFO: Found Element By : By.xpath: //h4[text()='Password']
Oct 04, 2020 9:23:53 PM com.firmex.helper.CommonMethods elementPresenceCheck
INFO: *******Element presence check*********true
Oct 04, 2020 9:23:53 PM com.firmex.listener.WebEventListener beforeFindBy
INFO: Trying to find Element By : By.xpath: //h4[text()='Password']
Oct 04, 2020 9:23:53 PM com.firmex.listener.WebEventListener afterFindBy
INFO: Found Element By : By.xpath: //h4[text()='Password']
Oct 04, 2020 9:23:53 PM com.firmex.helper.CommonMethods elementPresenceCheck
INFO: Element is displayed in UI
Oct 04, 2020 9:23:53 PM com.firmex.listener.WebEventListener beforeFindBy
INFO: Trying to find Element By : By.xpath: //input[@name='password']
Oct 04, 2020 9:23:53 PM com.firmex.listener.WebEventListener afterFindBy
INFO: Found Element By : By.xpath: //input[@name='password']
Oct 04, 2020 9:23:53 PM com.firmex.helper.CommonMethods elementPresenceCheck
INFO: *******Element presence check*********true
Oct 04, 2020 9:23:53 PM com.firmex.listener.WebEventListener beforeFindBy
INFO: Trying to find Element By : By.xpath: //input[@name='password']
Oct 04, 2020 9:23:53 PM com.firmex.listener.WebEventListener afterFindBy
INFO: Found Element By : By.xpath: //input[@name='password']
Oct 04, 2020 9:23:53 PM com.firmex.helper.CommonMethods elementPresenceCheck
INFO: Element is displayed in UI
Oct 04, 2020 9:23:53 PM com.firmex.listener.WebEventListener beforeFindBy
INFO: Trying to find Element By : By.xpath: //input[@value='back']
Oct 04, 2020 9:23:53 PM com.firmex.listener.WebEventListener afterFindBy
INFO: Found Element By : By.xpath: //input[@value='back']
Oct 04, 2020 9:23:53 PM com.firmex.helper.CommonMethods elementPresenceCheck
INFO: *******Element presence check*********true
Oct 04, 2020 9:23:53 PM com.firmex.listener.WebEventListener beforeFindBy
INFO: Trying to find Element By : By.xpath: //input[@value='back']
Oct 04, 2020 9:23:53 PM com.firmex.listener.WebEventListener afterFindBy
INFO: Found Element By : By.xpath: //input[@value='back']
Oct 04, 2020 9:23:53 PM com.firmex.helper.CommonMethods elementPresenceCheck
INFO: Element is displayed in UI
Oct 04, 2020 9:23:53 PM com.firmex.listener.WebEventListener beforeFindBy
INFO: Trying to find Element By : By.xpath: //input[@value='Log In']
Oct 04, 2020 9:23:53 PM com.firmex.listener.WebEventListener afterFindBy
INFO: Found Element By : By.xpath: //input[@value='Log In']
Oct 04, 2020 9:23:53 PM com.firmex.helper.CommonMethods elementPresenceCheck
INFO: *******Element presence check*********true
Oct 04, 2020 9:23:53 PM com.firmex.listener.WebEventListener beforeFindBy
INFO: Trying to find Element By : By.xpath: //input[@value='Log In']
Oct 04, 2020 9:23:53 PM com.firmex.listener.WebEventListener afterFindBy
INFO: Found Element By : By.xpath: //input[@value='Log In']
Oct 04, 2020 9:23:53 PM com.firmex.helper.CommonMethods elementPresenceCheck
INFO: Element is displayed in UI
Oct 04, 2020 9:23:53 PM com.firmex.listener.WebEventListener beforeFindBy
INFO: Trying to find Element By : By.xpath: //a[text()='Reset/Forgot Password?']
Oct 04, 2020 9:23:53 PM com.firmex.listener.WebEventListener afterFindBy
INFO: Found Element By : By.xpath: //a[text()='Reset/Forgot Password?']
Oct 04, 2020 9:23:53 PM com.firmex.helper.CommonMethods elementPresenceCheck
INFO: *******Element presence check*********true
Oct 04, 2020 9:23:53 PM com.firmex.listener.WebEventListener beforeFindBy
INFO: Trying to find Element By : By.xpath: //a[text()='Reset/Forgot Password?']
Oct 04, 2020 9:23:53 PM com.firmex.listener.WebEventListener afterFindBy
INFO: Found Element By : By.xpath: //a[text()='Reset/Forgot Password?']
Oct 04, 2020 9:23:53 PM com.firmex.helper.CommonMethods elementPresenceCheck
INFO: Element is displayed in UI
Oct 04, 2020 9:23:53 PM com.firmex.helper.Defs takeOneShot
INFO: Inside Screen Shot
Oct 04, 2020 9:23:53 PM com.firmex.listener.WebEventListener beforeFindBy
INFO: Trying to find Element By : By.xpath: //h4[text()='Password']
Oct 04, 2020 9:23:53 PM com.firmex.listener.WebEventListener afterFindBy
INFO: Found Element By : By.xpath: //h4[text()='Password']
Oct 04, 2020 9:23:53 PM com.firmex.helper.CommonMethods getXpath
INFO: Extracted xpath-----> //h4[text()='Password']
Oct 04, 2020 9:23:53 PM com.firmex.helper.Defs highlightElement
INFO: Highlight Value ---> //h4[text()='Password']
Oct 04, 2020 9:23:53 PM com.firmex.listener.WebEventListener beforeFindBy
INFO: Trying to find Element By : By.xpath:  //h4[text()='Password']
Oct 04, 2020 9:23:53 PM com.firmex.listener.WebEventListener afterFindBy
INFO: Found Element By : By.xpath:  //h4[text()='Password']
Oct 04, 2020 9:23:53 PM com.firmex.listener.WebEventListener beforeFindBy
INFO: Trying to find Element By : By.xpath: //input[@name='password']
Oct 04, 2020 9:23:53 PM com.firmex.listener.WebEventListener afterFindBy
INFO: Found Element By : By.xpath: //input[@name='password']
Oct 04, 2020 9:23:53 PM com.firmex.helper.CommonMethods getXpath
INFO: Extracted xpath-----> //input[@name='password']
Oct 04, 2020 9:23:53 PM com.firmex.helper.Defs highlightElement
INFO: Highlight Value ---> //input[@name='password']
Oct 04, 2020 9:23:53 PM com.firmex.listener.WebEventListener beforeFindBy
INFO: Trying to find Element By : By.xpath:  //input[@name='password']
Oct 04, 2020 9:23:53 PM com.firmex.listener.WebEventListener afterFindBy
INFO: Found Element By : By.xpath:  //input[@name='password']
Oct 04, 2020 9:23:53 PM com.firmex.listener.WebEventListener beforeFindBy
INFO: Trying to find Element By : By.xpath: //input[@value='back']
Oct 04, 2020 9:23:53 PM com.firmex.listener.WebEventListener afterFindBy
INFO: Found Element By : By.xpath: //input[@value='back']
Oct 04, 2020 9:23:53 PM com.firmex.helper.CommonMethods getXpath
INFO: Extracted xpath-----> //input[@value='back']
Oct 04, 2020 9:23:53 PM com.firmex.helper.Defs highlightElement
INFO: Highlight Value ---> //input[@value='back']
Oct 04, 2020 9:23:53 PM com.firmex.listener.WebEventListener beforeFindBy
INFO: Trying to find Element By : By.xpath:  //input[@value='back']
Oct 04, 2020 9:23:53 PM com.firmex.listener.WebEventListener afterFindBy
INFO: Found Element By : By.xpath:  //input[@value='back']
Oct 04, 2020 9:23:53 PM com.firmex.listener.WebEventListener beforeFindBy
INFO: Trying to find Element By : By.xpath: //input[@value='Log In']
Oct 04, 2020 9:23:53 PM com.firmex.listener.WebEventListener afterFindBy
INFO: Found Element By : By.xpath: //input[@value='Log In']
Oct 04, 2020 9:23:53 PM com.firmex.helper.CommonMethods getXpath
INFO: Extracted xpath-----> //input[@value='Log In']
Oct 04, 2020 9:23:53 PM com.firmex.helper.Defs highlightElement
INFO: Highlight Value ---> //input[@value='Log In']
Oct 04, 2020 9:23:53 PM com.firmex.listener.WebEventListener beforeFindBy
INFO: Trying to find Element By : By.xpath:  //input[@value='Log In']
Oct 04, 2020 9:23:53 PM com.firmex.listener.WebEventListener afterFindBy
INFO: Found Element By : By.xpath:  //input[@value='Log In']
Oct 04, 2020 9:23:53 PM com.firmex.listener.WebEventListener beforeFindBy
INFO: Trying to find Element By : By.xpath: //a[text()='Reset/Forgot Password?']
Oct 04, 2020 9:23:53 PM com.firmex.listener.WebEventListener afterFindBy
INFO: Found Element By : By.xpath: //a[text()='Reset/Forgot Password?']
Oct 04, 2020 9:23:53 PM com.firmex.helper.CommonMethods getXpath
INFO: Extracted xpath-----> //a[text()='Reset/Forgot Password?']
Oct 04, 2020 9:23:53 PM com.firmex.helper.Defs highlightElement
INFO: Highlight Value ---> //a[text()='Reset/Forgot Password?']
Oct 04, 2020 9:23:53 PM com.firmex.listener.WebEventListener beforeFindBy
INFO: Trying to find Element By : By.xpath:  //a[text()='Reset/Forgot Password?']
Oct 04, 2020 9:23:54 PM com.firmex.listener.WebEventListener afterFindBy
INFO: Found Element By : By.xpath:  //a[text()='Reset/Forgot Password?']
Oct 04, 2020 9:23:54 PM com.firmex.helper.Defs fullshot
INFO: Browser-->chrome
Oct 04, 2020 9:23:54 PM com.firmex.listener.WebEventListener beforeFindBy
INFO: Trying to find Element By : By.xpath: //h4[text()='Password']
Oct 04, 2020 9:23:54 PM com.firmex.listener.WebEventListener afterFindBy
INFO: Found Element By : By.xpath: //h4[text()='Password']
Oct 04, 2020 9:23:54 PM com.firmex.helper.CommonMethods getXpath
INFO: Extracted xpath-----> //h4[text()='Password']
Oct 04, 2020 9:23:54 PM com.firmex.listener.WebEventListener beforeFindBy
INFO: Trying to find Element By : By.xpath:  //h4[text()='Password']
Oct 04, 2020 9:23:54 PM com.firmex.listener.WebEventListener afterFindBy
INFO: Found Element By : By.xpath:  //h4[text()='Password']
Oct 04, 2020 9:23:54 PM com.firmex.listener.WebEventListener beforeFindBy
INFO: Trying to find Element By : By.xpath: //input[@name='password']
Oct 04, 2020 9:23:54 PM com.firmex.listener.WebEventListener afterFindBy
INFO: Found Element By : By.xpath: //input[@name='password']
Oct 04, 2020 9:23:54 PM com.firmex.helper.CommonMethods getXpath
INFO: Extracted xpath-----> //input[@name='password']
Oct 04, 2020 9:23:54 PM com.firmex.listener.WebEventListener beforeFindBy
INFO: Trying to find Element By : By.xpath:  //input[@name='password']
Oct 04, 2020 9:23:54 PM com.firmex.listener.WebEventListener afterFindBy
INFO: Found Element By : By.xpath:  //input[@name='password']
Oct 04, 2020 9:23:54 PM com.firmex.listener.WebEventListener beforeFindBy
INFO: Trying to find Element By : By.xpath: //input[@value='back']
Oct 04, 2020 9:23:54 PM com.firmex.listener.WebEventListener afterFindBy
INFO: Found Element By : By.xpath: //input[@value='back']
Oct 04, 2020 9:23:54 PM com.firmex.helper.CommonMethods getXpath
INFO: Extracted xpath-----> //input[@value='back']
Oct 04, 2020 9:23:54 PM com.firmex.listener.WebEventListener beforeFindBy
INFO: Trying to find Element By : By.xpath:  //input[@value='back']
Oct 04, 2020 9:23:54 PM com.firmex.listener.WebEventListener afterFindBy
INFO: Found Element By : By.xpath:  //input[@value='back']
Oct 04, 2020 9:23:54 PM com.firmex.listener.WebEventListener beforeFindBy
INFO: Trying to find Element By : By.xpath: //input[@value='Log In']
Oct 04, 2020 9:23:54 PM com.firmex.listener.WebEventListener afterFindBy
INFO: Found Element By : By.xpath: //input[@value='Log In']
Oct 04, 2020 9:23:54 PM com.firmex.helper.CommonMethods getXpath
INFO: Extracted xpath-----> //input[@value='Log In']
Oct 04, 2020 9:23:54 PM com.firmex.listener.WebEventListener beforeFindBy
INFO: Trying to find Element By : By.xpath:  //input[@value='Log In']
Oct 04, 2020 9:23:54 PM com.firmex.listener.WebEventListener afterFindBy
INFO: Found Element By : By.xpath:  //input[@value='Log In']
Oct 04, 2020 9:23:54 PM com.firmex.listener.WebEventListener beforeFindBy
INFO: Trying to find Element By : By.xpath: //a[text()='Reset/Forgot Password?']
Oct 04, 2020 9:23:54 PM com.firmex.listener.WebEventListener afterFindBy
INFO: Found Element By : By.xpath: //a[text()='Reset/Forgot Password?']
Oct 04, 2020 9:23:54 PM com.firmex.helper.CommonMethods getXpath
INFO: Extracted xpath-----> //a[text()='Reset/Forgot Password?']
Oct 04, 2020 9:23:54 PM com.firmex.listener.WebEventListener beforeFindBy
INFO: Trying to find Element By : By.xpath:  //a[text()='Reset/Forgot Password?']
Oct 04, 2020 9:23:54 PM com.firmex.listener.WebEventListener afterFindBy
INFO: Found Element By : By.xpath:  //a[text()='Reset/Forgot Password?']
Oct 04, 2020 9:23:54 PM com.firmex.helper.Defs takeOneShot
INFO: ResultFolder\Reports\\Execution_Results_LAPTOP-B5VJQV3P_2020_10_04_21_23_21_143\Screenshots\Screenshot_4_elements_2020_10_04_21_23_53
Oct 04, 2020 9:23:54 PM com.firmex.listener.WebEventListener beforeFindBy
INFO: Trying to find Element By : By.xpath: //input[@name='password']
Oct 04, 2020 9:23:54 PM com.firmex.listener.WebEventListener afterFindBy
INFO: Found Element By : By.xpath: //input[@name='password']
Oct 04, 2020 9:23:54 PM com.firmex.helper.CommonMethods getXpath
INFO: Extracted xpath-----> //input[@name='password']
Oct 04, 2020 9:23:54 PM com.firmex.listener.WebEventListener beforeFindBy
INFO: Trying to find Element By : By.xpath:  //input[@name='password']
Oct 04, 2020 9:23:54 PM com.firmex.listener.WebEventListener afterFindBy
INFO: Found Element By : By.xpath:  //input[@name='password']
Oct 04, 2020 9:23:54 PM com.firmex.listener.WebEventListener beforeFindBy
INFO: Trying to find Element By : By.xpath: //input[@name='password']
Oct 04, 2020 9:23:54 PM com.firmex.listener.WebEventListener afterFindBy
INFO: Found Element By : By.xpath: //input[@name='password']
Oct 04, 2020 9:23:55 PM com.firmex.listener.WebEventListener beforeFindBy
INFO: Trying to find Element By : By.xpath: //input[@name='password']
Oct 04, 2020 9:23:55 PM com.firmex.listener.WebEventListener afterFindBy
INFO: Found Element By : By.xpath: //input[@name='password']
Oct 04, 2020 9:23:55 PM com.firmex.helper.Defs takeOneShot
INFO: Inside Screen Shot
Oct 04, 2020 9:23:55 PM com.firmex.listener.WebEventListener beforeFindBy
INFO: Trying to find Element By : By.xpath: //input[@name='password']
Oct 04, 2020 9:23:55 PM com.firmex.listener.WebEventListener afterFindBy
INFO: Found Element By : By.xpath: //input[@name='password']
Oct 04, 2020 9:23:55 PM com.firmex.helper.CommonMethods getXpath
INFO: Extracted xpath-----> //input[@name='password']
Oct 04, 2020 9:23:55 PM com.firmex.helper.Defs highlightElement
INFO: Highlight Value ---> //input[@name='password']
Oct 04, 2020 9:23:55 PM com.firmex.listener.WebEventListener beforeFindBy
INFO: Trying to find Element By : By.xpath:  //input[@name='password']
Oct 04, 2020 9:23:55 PM com.firmex.listener.WebEventListener afterFindBy
INFO: Found Element By : By.xpath:  //input[@name='password']
Oct 04, 2020 9:23:55 PM com.firmex.helper.Defs fullshot
INFO: Browser-->chrome
Oct 04, 2020 9:23:55 PM com.firmex.listener.WebEventListener beforeFindBy
INFO: Trying to find Element By : By.xpath:  //input[@name='password']
Oct 04, 2020 9:23:55 PM com.firmex.listener.WebEventListener afterFindBy
INFO: Found Element By : By.xpath:  //input[@name='password']
Oct 04, 2020 9:23:55 PM com.firmex.helper.Defs takeOneShot
INFO: ResultFolder\Reports\\Execution_Results_LAPTOP-B5VJQV3P_2020_10_04_21_23_21_143\Screenshots\Screenshot_5_Email_2020_10_04_21_23_55
Oct 04, 2020 9:23:55 PM com.firmex.listener.WebEventListener beforeFindBy
INFO: Trying to find Element By : By.xpath: //input[@value='Log In']
Oct 04, 2020 9:23:55 PM com.firmex.listener.WebEventListener afterFindBy
INFO: Found Element By : By.xpath: //input[@value='Log In']
Oct 04, 2020 9:23:55 PM com.firmex.helper.CommonMethods getXpath
INFO: Extracted xpath-----> //input[@value='Log In']
Oct 04, 2020 9:23:55 PM com.firmex.listener.WebEventListener beforeFindBy
INFO: Trying to find Element By : By.xpath:  //input[@value='Log In']
Oct 04, 2020 9:23:55 PM com.firmex.listener.WebEventListener afterFindBy
INFO: Found Element By : By.xpath:  //input[@value='Log In']
Oct 04, 2020 9:23:55 PM com.firmex.listener.WebEventListener beforeFindBy
INFO: Trying to find Element By : By.xpath: //input[@value='Log In']
Oct 04, 2020 9:23:55 PM com.firmex.listener.WebEventListener afterFindBy
INFO: Found Element By : By.xpath: //input[@value='Log In']
Oct 04, 2020 9:23:55 PM com.firmex.listener.WebEventListener beforeClickOn
INFO: Trying to click on: [[ChromeDriver: chrome on WINDOWS (99d3377a9ffd11f4e3795138d4172cf6)] -> xpath: //input[@value='Log In']]
Oct 04, 2020 9:23:55 PM com.firmex.listener.WebEventListener afterClickOn
INFO: Clicked on: [[ChromeDriver: chrome on WINDOWS (99d3377a9ffd11f4e3795138d4172cf6)] -> xpath: //input[@value='Log In']]
Oct 04, 2020 9:23:55 PM com.firmex.listener.WebEventListener beforeFindBy
INFO: Trying to find Element By : By.xpath: //span[contains(@for, 'access_denied')]
Oct 04, 2020 9:23:56 PM com.firmex.listener.WebEventListener afterFindBy
INFO: Found Element By : By.xpath: //span[contains(@for, 'access_denied')]
Oct 04, 2020 9:23:56 PM com.firmex.helper.CommonMethods elementPresenceCheck
INFO: *******Element presence check*********true
Oct 04, 2020 9:23:56 PM com.firmex.listener.WebEventListener beforeFindBy
INFO: Trying to find Element By : By.xpath: //span[contains(@for, 'access_denied')]
Oct 04, 2020 9:23:56 PM com.firmex.listener.WebEventListener afterFindBy
INFO: Found Element By : By.xpath: //span[contains(@for, 'access_denied')]
Oct 04, 2020 9:23:56 PM com.firmex.helper.CommonMethods elementPresenceCheck
INFO: Element is displayed in UI
Oct 04, 2020 9:23:56 PM com.firmex.listener.WebEventListener beforeFindBy
INFO: Trying to find Element By : By.xpath: TEST_LOGIN_SUCCESS DUMMY ELEMENT
Oct 04, 2020 9:23:56 PM com.firmex.listener.WebEventListener onException
INFO: Exception occured: org.openqa.selenium.InvalidSelectorException: invalid selector: Unable to locate an element with the xpath expression TEST_LOGIN_SUCCESS DUMMY ELEMENT because of the following error:
SyntaxError: Failed to execute 'evaluate' on 'Document': The string 'TEST_LOGIN_SUCCESS DUMMY ELEMENT' is not a valid XPath expression.
  (Session info: chrome=85.0.4183.121)
For documentation on this error, please visit: https://www.seleniumhq.org/exceptions/invalid_selector_exception.html
Build info: version: '3.141.59', revision: 'e82be7d358', time: '2018-11-14T08:17:03'
System info: host: 'LAPTOP-B5VJQV3P', ip: '192.168.0.15', os.name: 'Windows 10', os.arch: 'amd64', os.version: '10.0', java.version: '1.8.0_241'
Driver info: org.openqa.selenium.chrome.ChromeDriver
Capabilities {acceptInsecureCerts: false, browserName: chrome, browserVersion: 85.0.4183.121, chrome: {chromedriverVersion: 85.0.4183.87 (cd6713ebf92fa..., userDataDir: C:\Users\Bala\AppData\Local...}, goog:chromeOptions: {debuggerAddress: localhost:65090}, javascriptEnabled: true, networkConnectionEnabled: false, pageLoadStrategy: normal, platform: WINDOWS, platformName: WINDOWS, proxy: Proxy(), setWindowRect: true, strictFileInteractability: false, timeouts: {implicit: 0, pageLoad: 300000, script: 30000}, unhandledPromptBehavior: dismiss and notify, webauthn:virtualAuthenticators: true}
Session ID: 99d3377a9ffd11f4e3795138d4172cf6
*** Element info: {Using=xpath, value=TEST_LOGIN_SUCCESS DUMMY ELEMENT}
Oct 04, 2020 9:23:56 PM com.firmex.helper.CommonMethods elementPresenceCheck
INFO: No Such Element Exception Occur
Oct 04, 2020 9:23:56 PM com.firmex.listener.WebEventListener beforeFindBy
INFO: Trying to find Element By : By.xpath: //span[contains(@for, 'access_denied')]
Oct 04, 2020 9:23:56 PM com.firmex.listener.WebEventListener afterFindBy
INFO: Found Element By : By.xpath: //span[contains(@for, 'access_denied')]
Oct 04, 2020 9:23:56 PM com.firmex.helper.CommonMethods getXpath
INFO: Extracted xpath-----> //span[contains(@for, 'access_denied')]
Oct 04, 2020 9:23:56 PM com.firmex.listener.WebEventListener beforeFindBy
INFO: Trying to find Element By : By.xpath:  //span[contains(@for, 'access_denied')]
Oct 04, 2020 9:23:56 PM com.firmex.listener.WebEventListener afterFindBy
INFO: Found Element By : By.xpath:  //span[contains(@for, 'access_denied')]
Oct 04, 2020 9:23:56 PM com.firmex.listener.WebEventListener beforeFindBy
INFO: Trying to find Element By : By.xpath: //span[contains(@for, 'access_denied')]
Oct 04, 2020 9:23:56 PM com.firmex.listener.WebEventListener afterFindBy
INFO: Found Element By : By.xpath: //span[contains(@for, 'access_denied')]
Oct 04, 2020 9:23:56 PM com.firmex.listener.WebEventListener beforeFindBy
INFO: Trying to find Element By : By.xpath: //span[contains(@for, 'access_denied')]
Oct 04, 2020 9:23:56 PM com.firmex.listener.WebEventListener afterFindBy
INFO: Found Element By : By.xpath: //span[contains(@for, 'access_denied')]
Oct 04, 2020 9:23:56 PM com.firmex.helper.CommonMethods getXpath
INFO: Extracted xpath-----> //span[contains(@for, 'access_denied')]
Oct 04, 2020 9:23:56 PM com.firmex.listener.WebEventListener beforeFindBy
INFO: Trying to find Element By : By.xpath:  //span[contains(@for, 'access_denied')]
Oct 04, 2020 9:23:56 PM com.firmex.listener.WebEventListener afterFindBy
INFO: Found Element By : By.xpath:  //span[contains(@for, 'access_denied')]
Oct 04, 2020 9:23:56 PM com.firmex.listener.WebEventListener beforeFindBy
INFO: Trying to find Element By : By.xpath: //span[contains(@for, 'access_denied')]
Oct 04, 2020 9:23:56 PM com.firmex.listener.WebEventListener afterFindBy
INFO: Found Element By : By.xpath: //span[contains(@for, 'access_denied')]
Oct 04, 2020 9:23:56 PM com.firmex.helper.Defs log
INFO: Login Failed. Reason - User credentials are invalid. Click here to reset your password
Oct 04, 2020 9:23:56 PM com.firmex.helper.Defs takeOneShot
INFO: Inside Screen Shot
Oct 04, 2020 9:23:56 PM com.firmex.listener.WebEventListener beforeFindBy
INFO: Trying to find Element By : By.xpath: //span[contains(@for, 'access_denied')]
Oct 04, 2020 9:23:56 PM com.firmex.listener.WebEventListener afterFindBy
INFO: Found Element By : By.xpath: //span[contains(@for, 'access_denied')]
Oct 04, 2020 9:23:56 PM com.firmex.helper.CommonMethods getXpath
INFO: Extracted xpath-----> //span[contains(@for, 'access_denied')]
Oct 04, 2020 9:23:56 PM com.firmex.helper.Defs highlightElement
INFO: Highlight Value ---> //span[contains(@for, 'access_denied')]
Oct 04, 2020 9:23:56 PM com.firmex.listener.WebEventListener beforeFindBy
INFO: Trying to find Element By : By.xpath:  //span[contains(@for, 'access_denied')]
Oct 04, 2020 9:23:56 PM com.firmex.listener.WebEventListener afterFindBy
INFO: Found Element By : By.xpath:  //span[contains(@for, 'access_denied')]
Oct 04, 2020 9:23:56 PM com.firmex.helper.Defs fullshot
INFO: Browser-->chrome
Oct 04, 2020 9:23:57 PM com.firmex.listener.WebEventListener beforeFindBy
INFO: Trying to find Element By : By.xpath:  //span[contains(@for, 'access_denied')]
Oct 04, 2020 9:23:57 PM com.firmex.listener.WebEventListener afterFindBy
INFO: Found Element By : By.xpath:  //span[contains(@for, 'access_denied')]
Oct 04, 2020 9:23:57 PM com.firmex.helper.Defs takeOneShot
INFO: ResultFolder\Reports\\Execution_Results_LAPTOP-B5VJQV3P_2020_10_04_21_23_21_143\Screenshots\Screenshot_6_LoginStatus_2020_10_04_21_23_56
Oct 04, 2020 9:23:57 PM com.firmex.helper.Defs log
INFO: Successfully validated error message for invalid credentials
Oct 04, 2020 9:23:57 PM com.firmex.helper.Defs log
INFO: Successfully Closed Browser chrome
Oct 04, 2020 9:23:57 PM com.firmex.base.TestBase tearDown
INFO: Result Folder --->ResultFolder\Reports\\Execution_Results_LAPTOP-B5VJQV3P_2020_10_04_21_23_21_143
Oct 04, 2020 9:23:58 PM com.firmex.helper.Defs setResultData
INFO: Writing the result to excel-->ResultFolder\Reports\\Execution_Results_LAPTOP-B5VJQV3P_2020_10_04_21_23_21_143
